<?xml version="1.0" encoding="UTF-8"?>
<!-- Generated by org.testng.reporters.JUnitReportReporter -->
<testsuite hostname="swaroop-hp-notebook" failures="0" tests="1" name="runner.RunCuke" time="21.261" errors="0" timestamp="2023-01-23T02:48:28 AEDT" skipped="0">
  <testcase classname="runner.RunCuke" name="runScenario" time="21.261"/>
  <system-out/>
</testsuite> <!-- runner.RunCuke -->
